Using pre-set license
Built from '2020.3/staging' branch; Version is '2020.3.9f1 (108be757e447) revision 1084391'; Using compiler version '192528614'; Build Type 'Release'
OS: 'Windows 10 Pro; OS build 19044.1415; Version 2009; 64bit' Language: 'ru' Physical Memory: 12270 MB
BatchMode: 1, IsHumanControllingUs: 0, StartBugReporterOnCrash: 0, Is64bit: 1, IsPro: 0

 COMMAND LINE ARGUMENTS:
D:\Unity2(current)\2020.3.9f1\Editor\Unity.exe
-adb2
-batchMode
-noUpm
-name
AssetImportWorker3
-projectPath
D:/Unity/QuizGame
-logFile
Logs/AssetImportWorker3.log
-srvPort
50122
Successfully changed project path to: D:/Unity/QuizGame
D:/Unity/QuizGame
Using Asset Import Pipeline V2.
Refreshing native plugins compatible for Editor in 126.96 ms, found 1 plugins.
Preloading 0 native plugins for Editor in 0.00 ms.
Initialize engine version: 2020.3.9f1 (108be757e447)
[Subsystems] Discovering subsystems at path D:/Unity2(current)/2020.3.9f1/Editor/Data/Resources/UnitySubsystems
[Subsystems] Discovering subsystems at path D:/Unity/QuizGame/Assets
GfxDevice: creating device client; threaded=0
Direct3D:
    Version:  Direct3D 11.0 [level 11.0]
    Renderer: NVIDIA GeForce GT 440 (ID=0xde0)
    Vendor:   
    VRAM:     979 MB
    Driver:   23.21.13.8813
Initialize mono
Mono path[0] = 'D:/Unity2(current)/2020.3.9f1/Editor/Data/Managed'
Mono path[1] = 'D:/Unity2(current)/2020.3.9f1/Editor/Data/MonoBleedingEdge/lib/mono/unityjit'
Mono config path = 'D:/Unity2(current)/2020.3.9f1/Editor/Data/MonoBleedingEdge/etc'
Using monoOptions --debugger-agent=transport=dt_socket,embedding=1,server=y,suspend=n,address=127.0.0.1:56208
Begin MonoManager ReloadAssembly
Registering precompiled unity dll's ...
Register platform support module: D:/Unity2(current)/2020.3.9f1/Editor/Data/PlaybackEngines/WindowsStandaloneSupport/UnityEditor.WindowsStandalone.Extensions.dll
Registered in 0.005194 seconds.
Native extension for WindowsStandalone target not found
Refreshing native plugins compatible for Editor in 86.59 ms, found 1 plugins.
Preloading 0 native plugins for Editor in 0.00 ms.
Mono: successfully reloaded assembly
- Completed reload, in  4.022 seconds
Platform modules already initialized, skipping
Registering precompiled user dll's ...
Registered in 0.001669 seconds.
Begin MonoManager ReloadAssembly
Native extension for WindowsStandalone target not found
Refreshing native plugins compatible for Editor in 179.41 ms, found 1 plugins.
Preloading 0 native plugins for Editor in 0.00 ms.
Mono: successfully reloaded assembly
- Completed reload, in  4.972 seconds
Platform modules already initialized, skipping
========================================================================
Worker process is ready to serve import requests
Launched and connected shader compiler UnityShaderCompiler.exe after 0.53 seconds
Refreshing native plugins compatible for Editor in 14.21 ms, found 1 plugins.
Preloading 0 native plugins for Editor in 0.00 ms.
Unloading 1815 Unused Serialized files (Serialized files now loaded: 0)
System memory in use before: 85.3 MB.
System memory in use after: 85.3 MB.

Unloading 23 unused Assets to reduce memory usage. Loaded Objects now: 2260.
Total: 6.168600 ms (FindLiveObjects: 0.500200 ms CreateObjectMapping: 0.215400 ms MarkObjects: 4.924400 ms  DeleteObjects: 0.526200 ms)

========================================================================
Received Import Request.
  path: Assets/Resources/Prefabs/GameManager.prefab
  artifactKey: Guid(bfcd1aaf9c1c89f4faca9f5751579c9a) Importer(815301076,1909f56bfc062723c751e8b465ee728b)
Start importing Assets/Resources/Prefabs/GameManager.prefab using Guid(bfcd1aaf9c1c89f4faca9f5751579c9a) Importer(815301076,1909f56bfc062723c751e8b465ee728b)  -> (artifact id: '53ea85d6bc48dd250d8f577bfdfd3cd4') in 0.488135 seconds
  Import took 0.493564 seconds .

========================================================================
Received Prepare
Registering precompiled user dll's ...
Registered in 0.002334 seconds.
Begin MonoManager ReloadAssembly
Native extension for WindowsStandalone target not found
Refreshing native plugins compatible for Editor in 0.59 ms, found 1 plugins.
Preloading 0 native plugins for Editor in 0.00 ms.
Mono: successfully reloaded assembly
- Completed reload, in  1.716 seconds
Platform modules already initialized, skipping
Refreshing native plugins compatible for Editor in 0.63 ms, found 1 plugins.
Preloading 0 native plugins for Editor in 0.00 ms.
Unloading 1810 Unused Serialized files (Serialized files now loaded: 0)
System memory in use before: 85.3 MB.
System memory in use after: 85.3 MB.

Unloading 12 unused Assets to reduce memory usage. Loaded Objects now: 2264.
Total: 3.505100 ms (FindLiveObjects: 0.417200 ms CreateObjectMapping: 0.111300 ms MarkObjects: 2.795900 ms  DeleteObjects: 0.179100 ms)

========================================================================
Received Prepare
Registering precompiled user dll's ...
Registered in 0.001321 seconds.
Begin MonoManager ReloadAssembly
Native extension for WindowsStandalone target not found
Refreshing native plugins compatible for Editor in 0.60 ms, found 1 plugins.
Preloading 0 native plugins for Editor in 0.00 ms.
Mono: successfully reloaded assembly
- Completed reload, in  2.163 seconds
Platform modules already initialized, skipping
Refreshing native plugins compatible for Editor in 1.53 ms, found 1 plugins.
Preloading 0 native plugins for Editor in 0.00 ms.
Unloading 1810 Unused Serialized files (Serialized files now loaded: 0)
System memory in use before: 85.4 MB.
System memory in use after: 85.3 MB.

Unloading 12 unused Assets to reduce memory usage. Loaded Objects now: 2268.
Total: 3.028300 ms (FindLiveObjects: 0.359300 ms CreateObjectMapping: 0.103700 ms MarkObjects: 2.367600 ms  DeleteObjects: 0.195900 ms)

========================================================================
Received Prepare
Registering precompiled user dll's ...
Registered in 0.001323 seconds.
Begin MonoManager ReloadAssembly
Native extension for WindowsStandalone target not found
Refreshing native plugins compatible for Editor in 0.61 ms, found 1 plugins.
Preloading 0 native plugins for Editor in 0.00 ms.
Mono: successfully reloaded assembly
- Completed reload, in  1.450 seconds
Platform modules already initialized, skipping
Refreshing native plugins compatible for Editor in 0.72 ms, found 1 plugins.
Preloading 0 native plugins for Editor in 0.00 ms.
Unloading 1810 Unused Serialized files (Serialized files now loaded: 0)
System memory in use before: 85.4 MB.
System memory in use after: 85.4 MB.

Unloading 12 unused Assets to reduce memory usage. Loaded Objects now: 2272.
Total: 3.443500 ms (FindLiveObjects: 0.360600 ms CreateObjectMapping: 0.105300 ms MarkObjects: 2.781100 ms  DeleteObjects: 0.195000 ms)

========================================================================
Received Prepare
Registering precompiled user dll's ...
Registered in 0.001373 seconds.
Begin MonoManager ReloadAssembly
Native extension for WindowsStandalone target not found
Refreshing native plugins compatible for Editor in 0.57 ms, found 1 plugins.
Preloading 0 native plugins for Editor in 0.00 ms.
Mono: successfully reloaded assembly
- Completed reload, in  1.428 seconds
Platform modules already initialized, skipping
Refreshing native plugins compatible for Editor in 0.56 ms, found 1 plugins.
Preloading 0 native plugins for Editor in 0.00 ms.
Unloading 1810 Unused Serialized files (Serialized files now loaded: 0)
System memory in use before: 85.4 MB.
System memory in use after: 85.4 MB.

Unloading 12 unused Assets to reduce memory usage. Loaded Objects now: 2276.
Total: 3.085100 ms (FindLiveObjects: 0.363800 ms CreateObjectMapping: 0.102900 ms MarkObjects: 2.440700 ms  DeleteObjects: 0.176000 ms)

========================================================================
Received Prepare
Registering precompiled user dll's ...
Registered in 0.001374 seconds.
Begin MonoManager ReloadAssembly
Native extension for WindowsStandalone target not found
Refreshing native plugins compatible for Editor in 0.55 ms, found 1 plugins.
Preloading 0 native plugins for Editor in 0.00 ms.
Mono: successfully reloaded assembly
- Completed reload, in  1.422 seconds
Platform modules already initialized, skipping
Refreshing native plugins compatible for Editor in 0.56 ms, found 1 plugins.
Preloading 0 native plugins for Editor in 0.00 ms.
Unloading 1810 Unused Serialized files (Serialized files now loaded: 0)
System memory in use before: 85.4 MB.
System memory in use after: 85.4 MB.

Unloading 12 unused Assets to reduce memory usage. Loaded Objects now: 2280.
Total: 2.923600 ms (FindLiveObjects: 0.340600 ms CreateObjectMapping: 0.111700 ms MarkObjects: 2.280400 ms  DeleteObjects: 0.189400 ms)

========================================================================
Received Prepare
Registering precompiled user dll's ...
Registered in 0.001441 seconds.
Begin MonoManager ReloadAssembly
Native extension for WindowsStandalone target not found
Refreshing native plugins compatible for Editor in 0.55 ms, found 1 plugins.
Preloading 0 native plugins for Editor in 0.00 ms.
Mono: successfully reloaded assembly
- Completed reload, in  1.437 seconds
Platform modules already initialized, skipping
Refreshing native plugins compatible for Editor in 0.49 ms, found 1 plugins.
Preloading 0 native plugins for Editor in 0.00 ms.
Unloading 1810 Unused Serialized files (Serialized files now loaded: 0)
System memory in use before: 85.4 MB.
System memory in use after: 85.4 MB.

Unloading 12 unused Assets to reduce memory usage. Loaded Objects now: 2284.
Total: 3.235000 ms (FindLiveObjects: 0.326500 ms CreateObjectMapping: 0.102000 ms MarkObjects: 2.621800 ms  DeleteObjects: 0.183100 ms)

========================================================================
Received Prepare
Registering precompiled user dll's ...
Registered in 0.001342 seconds.
Begin MonoManager ReloadAssembly
Native extension for WindowsStandalone target not found
Refreshing native plugins compatible for Editor in 0.53 ms, found 1 plugins.
Preloading 0 native plugins for Editor in 0.00 ms.
Mono: successfully reloaded assembly
- Completed reload, in  1.400 seconds
Platform modules already initialized, skipping
Refreshing native plugins compatible for Editor in 0.53 ms, found 1 plugins.
Preloading 0 native plugins for Editor in 0.00 ms.
Unloading 1810 Unused Serialized files (Serialized files now loaded: 0)
System memory in use before: 85.4 MB.
System memory in use after: 85.4 MB.

Unloading 12 unused Assets to reduce memory usage. Loaded Objects now: 2288.
Total: 2.948500 ms (FindLiveObjects: 0.318200 ms CreateObjectMapping: 0.101700 ms MarkObjects: 2.326100 ms  DeleteObjects: 0.200900 ms)

========================================================================
Received Prepare
Registering precompiled user dll's ...
Registered in 0.001362 seconds.
Begin MonoManager ReloadAssembly
Native extension for WindowsStandalone target not found
Refreshing native plugins compatible for Editor in 0.57 ms, found 1 plugins.
Preloading 0 native plugins for Editor in 0.00 ms.
Mono: successfully reloaded assembly
- Completed reload, in  1.476 seconds
Platform modules already initialized, skipping
Refreshing native plugins compatible for Editor in 0.66 ms, found 1 plugins.
Preloading 0 native plugins for Editor in 0.00 ms.
Unloading 1810 Unused Serialized files (Serialized files now loaded: 0)
System memory in use before: 85.4 MB.
System memory in use after: 85.4 MB.

Unloading 12 unused Assets to reduce memory usage. Loaded Objects now: 2292.
Total: 3.430700 ms (FindLiveObjects: 0.393900 ms CreateObjectMapping: 0.105900 ms MarkObjects: 2.739700 ms  DeleteObjects: 0.189500 ms)

========================================================================
Received Prepare
Registering precompiled user dll's ...
Registered in 0.001340 seconds.
Begin MonoManager ReloadAssembly
Native extension for WindowsStandalone target not found
Refreshing native plugins compatible for Editor in 0.53 ms, found 1 plugins.
Preloading 0 native plugins for Editor in 0.00 ms.
Mono: successfully reloaded assembly
- Completed reload, in  1.438 seconds
Platform modules already initialized, skipping
Refreshing native plugins compatible for Editor in 0.55 ms, found 1 plugins.
Preloading 0 native plugins for Editor in 0.00 ms.
Unloading 1810 Unused Serialized files (Serialized files now loaded: 0)
System memory in use before: 85.5 MB.
System memory in use after: 85.4 MB.

Unloading 12 unused Assets to reduce memory usage. Loaded Objects now: 2296.
Total: 3.178000 ms (FindLiveObjects: 0.325900 ms CreateObjectMapping: 0.102800 ms MarkObjects: 2.559000 ms  DeleteObjects: 0.189000 ms)

========================================================================
Received Import Request.
  Time since last request: 1061.440060 seconds.
  path: Assets/Resources/Prefabs/MenuButton Variant.prefab
  artifactKey: Guid(062ed9126f15ba04c8a157406f7e2017) Importer(815301076,1909f56bfc062723c751e8b465ee728b)
Start importing Assets/Resources/Prefabs/MenuButton Variant.prefab using Guid(062ed9126f15ba04c8a157406f7e2017) Importer(815301076,1909f56bfc062723c751e8b465ee728b)  -> (artifact id: '142660df99180af4bb1ee564fcf32687') in 0.180036 seconds
  Import took 0.184845 seconds .

========================================================================
Received Prepare
Registering precompiled user dll's ...
Registered in 0.001339 seconds.
Begin MonoManager ReloadAssembly
Native extension for WindowsStandalone target not found
Refreshing native plugins compatible for Editor in 0.66 ms, found 1 plugins.
Preloading 0 native plugins for Editor in 0.00 ms.
Mono: successfully reloaded assembly
- Completed reload, in  1.447 seconds
Platform modules already initialized, skipping
Refreshing native plugins compatible for Editor in 0.56 ms, found 1 plugins.
Preloading 0 native plugins for Editor in 0.00 ms.
Unloading 1810 Unused Serialized files (Serialized files now loaded: 0)
System memory in use before: 85.5 MB.
System memory in use after: 85.5 MB.

Unloading 13 unused Assets to reduce memory usage. Loaded Objects now: 2302.
Total: 3.086600 ms (FindLiveObjects: 0.347800 ms CreateObjectMapping: 0.105000 ms MarkObjects: 2.448500 ms  DeleteObjects: 0.183900 ms)

========================================================================
Received Prepare
Registering precompiled user dll's ...
Registered in 0.001467 seconds.
Begin MonoManager ReloadAssembly
Native extension for WindowsStandalone target not found
Refreshing native plugins compatible for Editor in 0.53 ms, found 1 plugins.
Preloading 0 native plugins for Editor in 0.00 ms.
Mono: successfully reloaded assembly
- Completed reload, in  1.429 seconds
Platform modules already initialized, skipping
Refreshing native plugins compatible for Editor in 0.57 ms, found 1 plugins.
Preloading 0 native plugins for Editor in 0.00 ms.
Unloading 1810 Unused Serialized files (Serialized files now loaded: 0)
System memory in use before: 85.5 MB.
System memory in use after: 85.5 MB.

Unloading 12 unused Assets to reduce memory usage. Loaded Objects now: 2306.
Total: 3.043600 ms (FindLiveObjects: 0.326500 ms CreateObjectMapping: 0.103700 ms MarkObjects: 2.433800 ms  DeleteObjects: 0.177700 ms)

========================================================================
Received Import Request.
  Time since last request: 212.968629 seconds.
  path: Assets/Resources/Prefabs/MenuButton.prefab
  artifactKey: Guid(062ed9126f15ba04c8a157406f7e2017) Importer(815301076,1909f56bfc062723c751e8b465ee728b)
Start importing Assets/Resources/Prefabs/MenuButton.prefab using Guid(062ed9126f15ba04c8a157406f7e2017) Importer(815301076,1909f56bfc062723c751e8b465ee728b)  -> (artifact id: '7d70455919103bfb1313eba69f83cd69') in 0.075276 seconds
  Import took 0.079654 seconds .

========================================================================
Received Import Request.
  Time since last request: 0.051580 seconds.
  path: Assets/Resources/Prefabs/MenuButton.prefab
  artifactKey: Guid(062ed9126f15ba04c8a157406f7e2017) Importer(815301076,1909f56bfc062723c751e8b465ee728b)
Start importing Assets/Resources/Prefabs/MenuButton.prefab using Guid(062ed9126f15ba04c8a157406f7e2017) Importer(815301076,1909f56bfc062723c751e8b465ee728b)  -> (artifact id: '7d70455919103bfb1313eba69f83cd69') in 0.008460 seconds
  Import took 0.012550 seconds .

========================================================================
Received Prepare
Registering precompiled user dll's ...
Registered in 0.001759 seconds.
Begin MonoManager ReloadAssembly
Native extension for WindowsStandalone target not found
Refreshing native plugins compatible for Editor in 0.60 ms, found 1 plugins.
Preloading 0 native plugins for Editor in 0.00 ms.
Mono: successfully reloaded assembly
- Completed reload, in  1.509 seconds
Platform modules already initialized, skipping
Refreshing native plugins compatible for Editor in 0.56 ms, found 1 plugins.
Preloading 0 native plugins for Editor in 0.00 ms.
Unloading 1810 Unused Serialized files (Serialized files now loaded: 0)
System memory in use before: 85.6 MB.
System memory in use after: 85.5 MB.

Unloading 13 unused Assets to reduce memory usage. Loaded Objects now: 2310.
Total: 3.067100 ms (FindLiveObjects: 0.325800 ms CreateObjectMapping: 0.111300 ms MarkObjects: 2.445000 ms  DeleteObjects: 0.183600 ms)

========================================================================
Received Prepare
Registering precompiled user dll's ...
Registered in 0.001236 seconds.
Begin MonoManager ReloadAssembly
Native extension for WindowsStandalone target not found
Refreshing native plugins compatible for Editor in 0.54 ms, found 1 plugins.
Preloading 0 native plugins for Editor in 0.00 ms.
Mono: successfully reloaded assembly
- Completed reload, in  1.457 seconds
Platform modules already initialized, skipping
Refreshing native plugins compatible for Editor in 0.56 ms, found 1 plugins.
Preloading 0 native plugins for Editor in 0.00 ms.
Unloading 1810 Unused Serialized files (Serialized files now loaded: 0)
System memory in use before: 85.6 MB.
System memory in use after: 85.5 MB.

Unloading 12 unused Assets to reduce memory usage. Loaded Objects now: 2314.
Total: 3.167700 ms (FindLiveObjects: 0.329100 ms CreateObjectMapping: 0.094000 ms MarkObjects: 2.567700 ms  DeleteObjects: 0.175400 ms)

========================================================================
Received Prepare
Registering precompiled user dll's ...
Registered in 0.001389 seconds.
Begin MonoManager ReloadAssembly
Native extension for WindowsStandalone target not found
Refreshing native plugins compatible for Editor in 0.63 ms, found 1 plugins.
Preloading 0 native plugins for Editor in 0.00 ms.
Mono: successfully reloaded assembly
- Completed reload, in  1.440 seconds
Platform modules already initialized, skipping
Refreshing native plugins compatible for Editor in 0.54 ms, found 1 plugins.
Preloading 0 native plugins for Editor in 0.00 ms.
Unloading 1810 Unused Serialized files (Serialized files now loaded: 0)
System memory in use before: 85.6 MB.
System memory in use after: 85.5 MB.

Unloading 12 unused Assets to reduce memory usage. Loaded Objects now: 2318.
Total: 3.008300 ms (FindLiveObjects: 0.326400 ms CreateObjectMapping: 0.106100 ms MarkObjects: 2.401800 ms  DeleteObjects: 0.172400 ms)

========================================================================
Received Prepare
Registering precompiled user dll's ...
Registered in 0.001312 seconds.
Begin MonoManager ReloadAssembly
Native extension for WindowsStandalone target not found
Refreshing native plugins compatible for Editor in 0.59 ms, found 1 plugins.
Preloading 0 native plugins for Editor in 0.00 ms.
Mono: successfully reloaded assembly
- Completed reload, in  1.399 seconds
Platform modules already initialized, skipping
Refreshing native plugins compatible for Editor in 0.50 ms, found 1 plugins.
Preloading 0 native plugins for Editor in 0.00 ms.
Unloading 1810 Unused Serialized files (Serialized files now loaded: 0)
System memory in use before: 85.6 MB.
System memory in use after: 85.6 MB.

Unloading 12 unused Assets to reduce memory usage. Loaded Objects now: 2322.
Total: 3.257600 ms (FindLiveObjects: 0.300300 ms CreateObjectMapping: 0.097900 ms MarkObjects: 2.670800 ms  DeleteObjects: 0.187300 ms)

========================================================================
Received Prepare
Registering precompiled user dll's ...
Registered in 0.001342 seconds.
Begin MonoManager ReloadAssembly
Native extension for WindowsStandalone target not found
Refreshing native plugins compatible for Editor in 0.60 ms, found 1 plugins.
Preloading 0 native plugins for Editor in 0.00 ms.
Mono: successfully reloaded assembly
- Completed reload, in  1.420 seconds
Platform modules already initialized, skipping
Refreshing native plugins compatible for Editor in 0.60 ms, found 1 plugins.
Preloading 0 native plugins for Editor in 0.00 ms.
Unloading 1810 Unused Serialized files (Serialized files now loaded: 0)
System memory in use before: 85.6 MB.
System memory in use after: 85.6 MB.

Unloading 12 unused Assets to reduce memory usage. Loaded Objects now: 2326.
Total: 3.129200 ms (FindLiveObjects: 0.316400 ms CreateObjectMapping: 0.093800 ms MarkObjects: 2.524600 ms  DeleteObjects: 0.192900 ms)

========================================================================
Received Prepare
Registering precompiled user dll's ...
Registered in 0.001330 seconds.
Begin MonoManager ReloadAssembly
Native extension for WindowsStandalone target not found
Refreshing native plugins compatible for Editor in 0.60 ms, found 1 plugins.
Preloading 0 native plugins for Editor in 0.00 ms.
Mono: successfully reloaded assembly
- Completed reload, in  1.451 seconds
Platform modules already initialized, skipping
Refreshing native plugins compatible for Editor in 0.57 ms, found 1 plugins.
Preloading 0 native plugins for Editor in 0.00 ms.
Unloading 1810 Unused Serialized files (Serialized files now loaded: 0)
System memory in use before: 85.6 MB.
System memory in use after: 85.6 MB.

Unloading 12 unused Assets to reduce memory usage. Loaded Objects now: 2330.
Total: 3.138000 ms (FindLiveObjects: 0.344400 ms CreateObjectMapping: 0.106700 ms MarkObjects: 2.497100 ms  DeleteObjects: 0.188400 ms)

========================================================================
Received Prepare
Registering precompiled user dll's ...
Registered in 0.001090 seconds.
Begin MonoManager ReloadAssembly
Native extension for WindowsStandalone target not found
Refreshing native plugins compatible for Editor in 0.58 ms, found 1 plugins.
Preloading 0 native plugins for Editor in 0.00 ms.
Mono: successfully reloaded assembly
- Completed reload, in  1.441 seconds
Platform modules already initialized, skipping
Refreshing native plugins compatible for Editor in 0.58 ms, found 1 plugins.
Preloading 0 native plugins for Editor in 0.00 ms.
Unloading 1810 Unused Serialized files (Serialized files now loaded: 0)
System memory in use before: 85.6 MB.
System memory in use after: 85.6 MB.

Unloading 12 unused Assets to reduce memory usage. Loaded Objects now: 2334.
Total: 3.143500 ms (FindLiveObjects: 0.354300 ms CreateObjectMapping: 0.102200 ms MarkObjects: 2.501600 ms  DeleteObjects: 0.183900 ms)

========================================================================
Received Prepare
Registering precompiled user dll's ...
Registered in 0.001573 seconds.
Begin MonoManager ReloadAssembly
Native extension for WindowsStandalone target not found
Refreshing native plugins compatible for Editor in 0.66 ms, found 1 plugins.
Preloading 0 native plugins for Editor in 0.00 ms.
Mono: successfully reloaded assembly
- Completed reload, in  1.493 seconds
Platform modules already initialized, skipping
Refreshing native plugins compatible for Editor in 0.62 ms, found 1 plugins.
Preloading 0 native plugins for Editor in 0.00 ms.
Unloading 1810 Unused Serialized files (Serialized files now loaded: 0)
System memory in use before: 85.6 MB.
System memory in use after: 85.6 MB.

Unloading 12 unused Assets to reduce memory usage. Loaded Objects now: 2338.
Total: 3.175300 ms (FindLiveObjects: 0.333600 ms CreateObjectMapping: 0.107300 ms MarkObjects: 2.535700 ms  DeleteObjects: 0.197200 ms)

========================================================================
Received Import Request.
  Time since last request: 782.805389 seconds.
  path: Assets/Resources/Prefabs/MenuButton.prefab
  artifactKey: Guid(062ed9126f15ba04c8a157406f7e2017) Importer(815301076,1909f56bfc062723c751e8b465ee728b)
Start importing Assets/Resources/Prefabs/MenuButton.prefab using Guid(062ed9126f15ba04c8a157406f7e2017) Importer(815301076,1909f56bfc062723c751e8b465ee728b)  -> (artifact id: 'c1d9a05a8289e9a9eadaf4f0f7825142') in 0.070749 seconds
  Import took 0.074972 seconds .

========================================================================
Received Import Request.
  Time since last request: 1.222455 seconds.
  path: Assets/Resources/Prefabs/MenuButton.prefab
  artifactKey: Guid(062ed9126f15ba04c8a157406f7e2017) Importer(815301076,1909f56bfc062723c751e8b465ee728b)
Start importing Assets/Resources/Prefabs/MenuButton.prefab using Guid(062ed9126f15ba04c8a157406f7e2017) Importer(815301076,1909f56bfc062723c751e8b465ee728b)  -> (artifact id: '1884d3ee33a48ce51bbc106d942d01c1') in 0.009099 seconds
  Import took 0.013869 seconds .

========================================================================
Received Import Request.
  Time since last request: 175.058564 seconds.
  path: Assets/Resources/Prefabs/MenuButton.prefab
  artifactKey: Guid(062ed9126f15ba04c8a157406f7e2017) Importer(815301076,1909f56bfc062723c751e8b465ee728b)
Start importing Assets/Resources/Prefabs/MenuButton.prefab using Guid(062ed9126f15ba04c8a157406f7e2017) Importer(815301076,1909f56bfc062723c751e8b465ee728b)  -> (artifact id: '2def2af8eafa25d9aafe9feeab2851a2') in 0.008771 seconds
  Import took 0.013484 seconds .

========================================================================
Received Prepare
Registering precompiled user dll's ...
Registered in 0.001405 seconds.
Begin MonoManager ReloadAssembly
Native extension for WindowsStandalone target not found
Refreshing native plugins compatible for Editor in 0.63 ms, found 1 plugins.
Preloading 0 native plugins for Editor in 0.00 ms.
Mono: successfully reloaded assembly
- Completed reload, in  1.397 seconds
Platform modules already initialized, skipping
Refreshing native plugins compatible for Editor in 0.54 ms, found 1 plugins.
Preloading 0 native plugins for Editor in 0.00 ms.
Unloading 1810 Unused Serialized files (Serialized files now loaded: 0)
System memory in use before: 85.6 MB.
System memory in use after: 85.6 MB.

Unloading 13 unused Assets to reduce memory usage. Loaded Objects now: 2342.
Total: 3.267200 ms (FindLiveObjects: 0.338700 ms CreateObjectMapping: 0.092800 ms MarkObjects: 2.636700 ms  DeleteObjects: 0.197600 ms)

========================================================================
Received Import Request.
  Time since last request: 11.694952 seconds.
  path: Assets/Resources/Prefabs/MenuButton.prefab
  artifactKey: Guid(062ed9126f15ba04c8a157406f7e2017) Importer(815301076,1909f56bfc062723c751e8b465ee728b)
Start importing Assets/Resources/Prefabs/MenuButton.prefab using Guid(062ed9126f15ba04c8a157406f7e2017) Importer(815301076,1909f56bfc062723c751e8b465ee728b)  -> (artifact id: 'fe8e92be2615ff3549ad1f3f216c83e1') in 0.067070 seconds
  Import took 0.071865 seconds .

========================================================================
Received Import Request.
  Time since last request: 2.215905 seconds.
  path: Assets/Resources/Prefabs/MenuButton.prefab
  artifactKey: Guid(062ed9126f15ba04c8a157406f7e2017) Importer(815301076,1909f56bfc062723c751e8b465ee728b)
Start importing Assets/Resources/Prefabs/MenuButton.prefab using Guid(062ed9126f15ba04c8a157406f7e2017) Importer(815301076,1909f56bfc062723c751e8b465ee728b)  -> (artifact id: '5e90dcdd7d81a60d895a70a5856bbedb') in 0.009751 seconds
  Import took 0.013941 seconds .

========================================================================
Received Import Request.
  Time since last request: 3.634716 seconds.
  path: Assets/Resources/Prefabs/MenuButton.prefab
  artifactKey: Guid(062ed9126f15ba04c8a157406f7e2017) Importer(815301076,1909f56bfc062723c751e8b465ee728b)
Start importing Assets/Resources/Prefabs/MenuButton.prefab using Guid(062ed9126f15ba04c8a157406f7e2017) Importer(815301076,1909f56bfc062723c751e8b465ee728b)  -> (artifact id: '9299734a87357a7120fbab17798bbc91') in 0.008749 seconds
  Import took 0.013772 seconds .

========================================================================
Received Import Request.
  Time since last request: 5.726971 seconds.
  path: Assets/Resources/Prefabs/MenuButton.prefab
  artifactKey: Guid(062ed9126f15ba04c8a157406f7e2017) Importer(815301076,1909f56bfc062723c751e8b465ee728b)
Start importing Assets/Resources/Prefabs/MenuButton.prefab using Guid(062ed9126f15ba04c8a157406f7e2017) Importer(815301076,1909f56bfc062723c751e8b465ee728b)  -> (artifact id: '4ae684651d97e45ded617c8c81f8eb82') in 0.008930 seconds
  Import took 0.013676 seconds .

========================================================================
Received Prepare
Registering precompiled user dll's ...
Registered in 0.001339 seconds.
Begin MonoManager ReloadAssembly
Native extension for WindowsStandalone target not found
Refreshing native plugins compatible for Editor in 0.62 ms, found 1 plugins.
Preloading 0 native plugins for Editor in 0.00 ms.
Mono: successfully reloaded assembly
- Completed reload, in  1.444 seconds
Platform modules already initialized, skipping
Refreshing native plugins compatible for Editor in 0.60 ms, found 1 plugins.
Preloading 0 native plugins for Editor in 0.00 ms.
Unloading 1810 Unused Serialized files (Serialized files now loaded: 0)
System memory in use before: 85.6 MB.
System memory in use after: 85.6 MB.

Unloading 12 unused Assets to reduce memory usage. Loaded Objects now: 2346.
Total: 3.030200 ms (FindLiveObjects: 0.353000 ms CreateObjectMapping: 0.102000 ms MarkObjects: 2.402400 ms  DeleteObjects: 0.171000 ms)

========================================================================
Received Import Request.
  Time since last request: 53.562662 seconds.
  path: Assets/Resources/Prefabs/MenuButton.prefab
  artifactKey: Guid(062ed9126f15ba04c8a157406f7e2017) Importer(815301076,1909f56bfc062723c751e8b465ee728b)
Start importing Assets/Resources/Prefabs/MenuButton.prefab using Guid(062ed9126f15ba04c8a157406f7e2017) Importer(815301076,1909f56bfc062723c751e8b465ee728b)  -> (artifact id: 'e533367a321eedaaeecf958e7d21199b') in 0.069483 seconds
  Import took 0.073658 seconds .

========================================================================
Received Import Request.
  Time since last request: 8.512260 seconds.
  path: Assets/Resources/Prefabs/MenuButton.prefab
  artifactKey: Guid(062ed9126f15ba04c8a157406f7e2017) Importer(815301076,1909f56bfc062723c751e8b465ee728b)
Start importing Assets/Resources/Prefabs/MenuButton.prefab using Guid(062ed9126f15ba04c8a157406f7e2017) Importer(815301076,1909f56bfc062723c751e8b465ee728b)  -> (artifact id: '8c5fb6b9343c10b4c3f7c656454425ff') in 0.009532 seconds
  Import took 0.013762 seconds .

========================================================================
Received Prepare
Registering precompiled user dll's ...
Registered in 0.001349 seconds.
Begin MonoManager ReloadAssembly
Native extension for WindowsStandalone target not found
Refreshing native plugins compatible for Editor in 0.58 ms, found 1 plugins.
Preloading 0 native plugins for Editor in 0.00 ms.
Mono: successfully reloaded assembly
- Completed reload, in  1.540 seconds
Platform modules already initialized, skipping
Refreshing native plugins compatible for Editor in 0.56 ms, found 1 plugins.
Preloading 0 native plugins for Editor in 0.00 ms.
Unloading 1811 Unused Serialized files (Serialized files now loaded: 0)
System memory in use before: 85.7 MB.
System memory in use after: 85.6 MB.

Unloading 12 unused Assets to reduce memory usage. Loaded Objects now: 2351.
Total: 3.796700 ms (FindLiveObjects: 0.343500 ms CreateObjectMapping: 0.176000 ms MarkObjects: 3.065900 ms  DeleteObjects: 0.209500 ms)

========================================================================
Received Prepare
Registering precompiled user dll's ...
Registered in 0.001238 seconds.
Begin MonoManager ReloadAssembly
Native extension for WindowsStandalone target not found
Refreshing native plugins compatible for Editor in 0.59 ms, found 1 plugins.
Preloading 0 native plugins for Editor in 0.00 ms.
Mono: successfully reloaded assembly
- Completed reload, in  1.423 seconds
Platform modules already initialized, skipping
Refreshing native plugins compatible for Editor in 0.58 ms, found 1 plugins.
Preloading 0 native plugins for Editor in 0.00 ms.
Unloading 1811 Unused Serialized files (Serialized files now loaded: 0)
System memory in use before: 85.7 MB.
System memory in use after: 85.6 MB.

Unloading 12 unused Assets to reduce memory usage. Loaded Objects now: 2355.
Total: 3.222900 ms (FindLiveObjects: 0.349100 ms CreateObjectMapping: 0.109500 ms MarkObjects: 2.582300 ms  DeleteObjects: 0.180700 ms)

========================================================================
Received Import Request.
  Time since last request: 127.025336 seconds.
  path: Assets/Resources/Prefabs/MenuButton.prefab
  artifactKey: Guid(062ed9126f15ba04c8a157406f7e2017) Importer(815301076,1909f56bfc062723c751e8b465ee728b)
Start importing Assets/Resources/Prefabs/MenuButton.prefab using Guid(062ed9126f15ba04c8a157406f7e2017) Importer(815301076,1909f56bfc062723c751e8b465ee728b)  -> (artifact id: '21c8150407bc42e20e49e134870f63d8') in 0.071625 seconds
  Import took 0.076110 seconds .

========================================================================
Received Prepare
Registering precompiled user dll's ...
Registered in 0.001409 seconds.
Begin MonoManager ReloadAssembly
Native extension for WindowsStandalone target not found
Refreshing native plugins compatible for Editor in 0.69 ms, found 1 plugins.
Preloading 0 native plugins for Editor in 0.00 ms.
Mono: successfully reloaded assembly
- Completed reload, in  1.524 seconds
Platform modules already initialized, skipping
Refreshing native plugins compatible for Editor in 0.60 ms, found 1 plugins.
Preloading 0 native plugins for Editor in 0.00 ms.
Unloading 1811 Unused Serialized files (Serialized files now loaded: 0)
System memory in use before: 85.7 MB.
System memory in use after: 85.7 MB.

Unloading 12 unused Assets to reduce memory usage. Loaded Objects now: 2359.
Total: 3.092500 ms (FindLiveObjects: 0.357700 ms CreateObjectMapping: 0.110400 ms MarkObjects: 2.442600 ms  DeleteObjects: 0.180000 ms)

========================================================================
Received Prepare
Registering precompiled user dll's ...
Registered in 0.001446 seconds.
Begin MonoManager ReloadAssembly
Native extension for WindowsStandalone target not found
Refreshing native plugins compatible for Editor in 0.59 ms, found 1 plugins.
Preloading 0 native plugins for Editor in 0.00 ms.
Mono: successfully reloaded assembly
- Completed reload, in  1.565 seconds
Platform modules already initialized, skipping
Refreshing native plugins compatible for Editor in 0.57 ms, found 1 plugins.
Preloading 0 native plugins for Editor in 0.00 ms.
Unloading 1811 Unused Serialized files (Serialized files now loaded: 0)
System memory in use before: 85.7 MB.
System memory in use after: 85.7 MB.

Unloading 12 unused Assets to reduce memory usage. Loaded Objects now: 2363.
Total: 3.130600 ms (FindLiveObjects: 0.344400 ms CreateObjectMapping: 0.103200 ms MarkObjects: 2.506100 ms  DeleteObjects: 0.175300 ms)

========================================================================
Received Import Request.
  Time since last request: 201.930326 seconds.
  path: Assets/Resources/Prefabs/MenuButton.prefab
  artifactKey: Guid(062ed9126f15ba04c8a157406f7e2017) Importer(815301076,1909f56bfc062723c751e8b465ee728b)
Start importing Assets/Resources/Prefabs/MenuButton.prefab using Guid(062ed9126f15ba04c8a157406f7e2017) Importer(815301076,1909f56bfc062723c751e8b465ee728b)  -> (artifact id: '2d9623877ab25a5ebb0b67054b6df0a9') in 0.070049 seconds
  Import took 0.074876 seconds .

========================================================================
Received Prepare
Registering precompiled user dll's ...
Registered in 0.001255 seconds.
Begin MonoManager ReloadAssembly
Native extension for WindowsStandalone target not found
Refreshing native plugins compatible for Editor in 0.59 ms, found 1 plugins.
Preloading 0 native plugins for Editor in 0.00 ms.
Mono: successfully reloaded assembly
- Completed reload, in  1.429 seconds
Platform modules already initialized, skipping
Refreshing native plugins compatible for Editor in 0.58 ms, found 1 plugins.
Preloading 0 native plugins for Editor in 0.00 ms.
Unloading 1811 Unused Serialized files (Serialized files now loaded: 0)
System memory in use before: 85.7 MB.
System memory in use after: 85.7 MB.

Unloading 12 unused Assets to reduce memory usage. Loaded Objects now: 2367.
Total: 3.172800 ms (FindLiveObjects: 0.386900 ms CreateObjectMapping: 0.114400 ms MarkObjects: 2.495800 ms  DeleteObjects: 0.174100 ms)

========================================================================
Received Import Request.
  Time since last request: 81.819473 seconds.
  path: Assets/Scenes/Game.unity
  artifactKey: Guid(2cda990e2423bbf4892e6590ba056729) Importer(815301076,1909f56bfc062723c751e8b465ee728b)
Start importing Assets/Scenes/Game.unity using Guid(2cda990e2423bbf4892e6590ba056729) Importer(815301076,1909f56bfc062723c751e8b465ee728b)  -> (artifact id: '69d2ef0351554b262a6ba29446204e4e') in 0.027720 seconds
  Import took 0.031874 seconds .

========================================================================
Received Prepare
Registering precompiled user dll's ...
Registered in 0.001363 seconds.
Begin MonoManager ReloadAssembly
Native extension for WindowsStandalone target not found
Refreshing native plugins compatible for Editor in 0.54 ms, found 1 plugins.
Preloading 0 native plugins for Editor in 0.00 ms.
Mono: successfully reloaded assembly
- Completed reload, in  1.423 seconds
Platform modules already initialized, skipping
Refreshing native plugins compatible for Editor in 0.58 ms, found 1 plugins.
Preloading 0 native plugins for Editor in 0.00 ms.
Unloading 1811 Unused Serialized files (Serialized files now loaded: 0)
System memory in use before: 85.7 MB.
System memory in use after: 85.7 MB.

Unloading 12 unused Assets to reduce memory usage. Loaded Objects now: 2371.
Total: 3.739200 ms (FindLiveObjects: 0.377500 ms CreateObjectMapping: 0.106700 ms MarkObjects: 3.078200 ms  DeleteObjects: 0.174800 ms)

========================================================================
Received Import Request.
  Time since last request: 37.554381 seconds.
  path: Assets/Resources/Prefabs/MenuButton.prefab
  artifactKey: Guid(062ed9126f15ba04c8a157406f7e2017) Importer(815301076,1909f56bfc062723c751e8b465ee728b)
Start importing Assets/Resources/Prefabs/MenuButton.prefab using Guid(062ed9126f15ba04c8a157406f7e2017) Importer(815301076,1909f56bfc062723c751e8b465ee728b)  -> (artifact id: '98f16a9c8783ba05332d1fa9b7db0a3a') in 0.068250 seconds
  Import took 0.072886 seconds .

========================================================================
Received Import Request.
  Time since last request: 6.611696 seconds.
  path: Assets/Resources/Prefabs/MenuButton.prefab
  artifactKey: Guid(062ed9126f15ba04c8a157406f7e2017) Importer(815301076,1909f56bfc062723c751e8b465ee728b)
Start importing Assets/Resources/Prefabs/MenuButton.prefab using Guid(062ed9126f15ba04c8a157406f7e2017) Importer(815301076,1909f56bfc062723c751e8b465ee728b)  -> (artifact id: '6d52b8aff4bb13debd9bf80e6da988d3') in 0.009423 seconds
  Import took 0.013912 seconds .

========================================================================
Received Import Request.
  Time since last request: 41.739456 seconds.
  path: Assets/Scenes/MainMenu.unity
  artifactKey: Guid(cc29dd8583525ac41a565d1f242ec33c) Importer(815301076,1909f56bfc062723c751e8b465ee728b)
Start importing Assets/Scenes/MainMenu.unity using Guid(cc29dd8583525ac41a565d1f242ec33c) Importer(815301076,1909f56bfc062723c751e8b465ee728b)  -> (artifact id: 'f9aa886b099c2b885edaa2e6f1f10d1e') in 0.010995 seconds
  Import took 0.015614 seconds .

========================================================================
Received Import Request.
  Time since last request: 0.010601 seconds.
  path: Assets/Scenes/MainMenu.unity
  artifactKey: Guid(cc29dd8583525ac41a565d1f242ec33c) Importer(815301076,1909f56bfc062723c751e8b465ee728b)
Start importing Assets/Scenes/MainMenu.unity using Guid(cc29dd8583525ac41a565d1f242ec33c) Importer(815301076,1909f56bfc062723c751e8b465ee728b)  -> (artifact id: 'f9aa886b099c2b885edaa2e6f1f10d1e') in 0.005107 seconds
  Import took 0.009226 seconds .

========================================================================
Received Prepare
Registering precompiled user dll's ...
Registered in 0.001208 seconds.
Begin MonoManager ReloadAssembly
Native extension for WindowsStandalone target not found
Refreshing native plugins compatible for Editor in 0.59 ms, found 1 plugins.
Preloading 0 native plugins for Editor in 0.00 ms.
Mono: successfully reloaded assembly
- Completed reload, in  1.424 seconds
Platform modules already initialized, skipping
Refreshing native plugins compatible for Editor in 0.57 ms, found 1 plugins.
Preloading 0 native plugins for Editor in 0.00 ms.
Unloading 1811 Unused Serialized files (Serialized files now loaded: 0)
System memory in use before: 85.7 MB.
System memory in use after: 85.7 MB.

Unloading 12 unused Assets to reduce memory usage. Loaded Objects now: 2375.
Total: 3.286100 ms (FindLiveObjects: 0.349200 ms CreateObjectMapping: 0.303000 ms MarkObjects: 2.453800 ms  DeleteObjects: 0.178700 ms)

========================================================================
Received Prepare
Registering precompiled user dll's ...
Registered in 0.001254 seconds.
Begin MonoManager ReloadAssembly
Native extension for WindowsStandalone target not found
Refreshing native plugins compatible for Editor in 0.57 ms, found 1 plugins.
Preloading 0 native plugins for Editor in 0.00 ms.
Mono: successfully reloaded assembly
- Completed reload, in  1.416 seconds
Platform modules already initialized, skipping
Refreshing native plugins compatible for Editor in 0.56 ms, found 1 plugins.
Preloading 0 native plugins for Editor in 0.00 ms.
Unloading 1811 Unused Serialized files (Serialized files now loaded: 0)
System memory in use before: 85.7 MB.
System memory in use after: 85.7 MB.

Unloading 12 unused Assets to reduce memory usage. Loaded Objects now: 2379.
Total: 3.050700 ms (FindLiveObjects: 0.359300 ms CreateObjectMapping: 0.103100 ms MarkObjects: 2.406900 ms  DeleteObjects: 0.180000 ms)

AssetImportWorkerClient::OnTransportError - code=2 error=End of file
